<?xml version="1.0" encoding="UTF-8"?>
<!-- Generated by org.testng.reporters.JUnitXMLReporter -->
<testsuite hostname="WIN-QFVULB7F2O7" name="Test" tests="1" failures="0" timestamp="26 Jul 2016 11:14:28 GMT" time="0.704" errors="0">
  <testcase name="@BeforeTest beforeTest" time="0.0" classname="topdeep.autotest.biz.executer.impl.browser.BrowserUserCaseExecuteTest">
    <failure type="java.lang.NullPointerException">
      <![CDATA[java.lang.NullPointerException
	at topdeep.autotest.entity.data.AtUserCase.add(AtUserCase.java:19)
	at topdeep.autotest.entity.data.util.ExcelReader.getUserCace(ExcelReader.java:48)
	at topdeep.autotest.biz.executer.impl.browser.BrowserUserCaseExecuteTest.beforeTest(BrowserUserCaseExecuteTest.java:64)
... Removed 22 stack frames]]>
    </failure>
  </testcase> <!-- @BeforeTest beforeTest -->
  <testcase name="@AfterTest afterTest" time="0.0" classname="topdeep.autotest.biz.executer.impl.browser.BrowserUserCaseExecuteTest">
    <skipped/>
  </testcase> <!-- @AfterTest afterTest -->
  <testcase name="executeTest" time="0.001" classname="topdeep.autotest.biz.executer.impl.browser.BrowserUserCaseExecuteTest">
    <skipped/>
  </testcase> <!-- executeTest -->
</testsuite> <!-- Test -->
