<?xml version="1.0" encoding="UTF-8"?>
<!-- Generated by org.testng.reporters.JUnitXMLReporter -->
<testsuite hostname="WIN-QFVULB7F2O7" name="Test" tests="1" failures="1" timestamp="19 Jul 2016 09:46:39 GMT" time="102.821" errors="0">
  <testcase name="executeTest" time="102.088" classname="topdeep.autotest.biz.executer.impl.browser.BrowserUserCaseExecuteTest">
    <failure type="org.openqa.selenium.UnsupportedCommandException" message="&amp;lt;!DOCTYPE HTML PUBLIC &amp;quot;-//W3C//DTD HTML 4.0 Draft//EN&amp;quot;&amp;gt;
&amp;lt;HTML&amp;gt;
&amp;lt;HEAD&amp;gt;
&amp;lt;TITLE&amp;gt;Error 404--Not Found&amp;lt;/TITLE&amp;gt;
&amp;lt;/HEAD&amp;gt;
&amp;lt;BODY bgcolor=&amp;quot;white&amp;quot;&amp;gt;
&amp;lt;FONT FACE=Helvetica&amp;gt;&amp;lt;BR CLEAR=all&amp;gt;
&amp;lt;TABLE border=0 cellspacing=5&amp;gt;&amp;lt;TR&amp;gt;&amp;lt;TD&amp;gt;&amp;lt;BR CLEAR=all&amp;gt;
&amp;lt;FONT FACE=&amp;quot;Helvetica&amp;quot; COLOR=&amp;quot;black&amp;quot; SIZE=&amp;quot;3&amp;quot;&amp;gt;&amp;lt;H2&amp;gt;Error 404--Not Found&amp;lt;/H2&amp;gt;
&amp;lt;/FONT&amp;gt;&amp;lt;/TD&amp;gt;&amp;lt;/TR&amp;gt;
&amp;lt;/TABLE&amp;gt;
&amp;lt;TABLE border=0 width=100% cellpadding=10&amp;gt;&amp;lt;TR&amp;gt;&amp;lt;TD VALIGN=top WIDTH=100% BGCOLOR=white&amp;gt;&amp;lt;FONT FACE=&amp;quot;Courier New&amp;quot;&amp;gt;&amp;lt;FONT FACE=&amp;quot;Helvetica&amp;quot; SIZE=&amp;quot;3&amp;quot;&amp;gt;&amp;lt;H3&amp;gt;From RFC 2068 &amp;lt;i&amp;gt;Hypertext Transfer Protocol -- HTTP/1.1&amp;lt;/i&amp;gt;:&amp;lt;/H3&amp;gt;
&amp;lt;/FONT&amp;gt;&amp;lt;FONT FACE=&amp;quot;Helvetica&amp;quot; SIZE=&amp;quot;3&amp;quot;&amp;gt;&amp;lt;H4&amp;gt;10.4.5 404 Not Found&amp;lt;/H4&amp;gt;
&amp;lt;/FONT&amp;gt;&amp;lt;P&amp;gt;&amp;lt;FONT FACE=&amp;quot;Courier New&amp;quot;&amp;gt;The server has not found anything matching the Request-URI. No indication is given of whether the condition is temporary or permanent.&amp;lt;/p&amp;gt;&amp;lt;p&amp;gt;If the server does not wish to make this information available to the client, the status code 403 (Forbidden) can be used instead. The 410 (Gone) status code SHOULD be used if the server knows, through some internally configurable mechanism, that an old resource is permanently unavailable and has no forwarding address.&amp;lt;/FONT&amp;gt;&amp;lt;/P&amp;gt;
&amp;lt;/FONT&amp;gt;&amp;lt;/TD&amp;gt;&amp;lt;/TR&amp;gt;
&amp;lt;/TABLE&amp;gt;

&amp;lt;/BODY&amp;gt;
&amp;lt;/HTML&amp;gt;
Command duration or timeout: 250 milliseconds
Build info: version: &amp;apos;2.53.0&amp;apos;, revision: &amp;apos;35ae25b1534ae328c771e0856c93e187490ca824&amp;apos;, time: &amp;apos;2016-03-15 10:43:46&amp;apos;
System info: host: &amp;apos;WIN-QFVULB7F2O7&amp;apos;, ip: &amp;apos;192.168.0.162&amp;apos;, os.name: &amp;apos;Windows 7&amp;apos;, os.arch: &amp;apos;x86&amp;apos;, os.version: &amp;apos;6.1&amp;apos;, java.version: &amp;apos;1.7.0_79&amp;apos;
Driver info: org.openqa.selenium.remote.RemoteWebDriver">
      <![CDATA[org.openqa.selenium.UnsupportedCommandException: <!DOCTYPE HTML PUBLIC "-//W3C//DTD HTML 4.0 Draft//EN">
<HTML>
<HEAD>
<TITLE>Error 404--Not Found</TITLE>
</HEAD>
<BODY bgcolor="white">
<FONT FACE=Helvetica><BR CLEAR=all>
<TABLE border=0 cellspacing=5><TR><TD><BR CLEAR=all>
<FONT FACE="Helvetica" COLOR="black" SIZE="3"><H2>Error 404--Not Found</H2>
</FONT></TD></TR>
</TABLE>
<TABLE border=0 width=100% cellpadding=10><TR><TD VALIGN=top WIDTH=100% BGCOLOR=white><FONT FACE="Courier New"><FONT FACE="Helvetica" SIZE="3"><H3>From RFC 2068 <i>Hypertext Transfer Protocol -- HTTP/1.1</i>:</H3>
</FONT><FONT FACE="Helvetica" SIZE="3"><H4>10.4.5 404 Not Found</H4>
</FONT><P><FONT FACE="Courier New">The server has not found anything matching the Request-URI. No indication is given of whether the condition is temporary or permanent.</p><p>If the server does not wish to make this information available to the client, the status code 403 (Forbidden) can be used instead. The 410 (Gone) status code SHOULD be used if the server knows, through some internally configurable mechanism, that an old resource is permanently unavailable and has no forwarding address.</FONT></P>
</FONT></TD></TR>
</TABLE>

</BODY>
</HTML>
Command duration or timeout: 250 milliseconds
Build info: version: '2.53.0', revision: '35ae25b1534ae328c771e0856c93e187490ca824', time: '2016-03-15 10:43:46'
System info: host: 'WIN-QFVULB7F2O7', ip: '192.168.0.162', os.name: 'Windows 7', os.arch: 'x86', os.version: '6.1', java.version: '1.7.0_79'
Driver info: org.openqa.selenium.remote.RemoteWebDriver
	at org.openqa.selenium.remote.ErrorHandler.createThrowable(ErrorHandler.java:206)
	at org.openqa.selenium.remote.ErrorHandler.throwIfResponseFailed(ErrorHandler.java:158)
	at org.openqa.selenium.remote.RemoteWebDriver.execute(RemoteWebDriver.java:678)
	at org.openqa.selenium.remote.RemoteWebDriver.startSession(RemoteWebDriver.java:249)
	at org.openqa.selenium.remote.RemoteWebDriver.<init>(RemoteWebDriver.java:131)
	at org.openqa.selenium.remote.RemoteWebDriver.<init>(RemoteWebDriver.java:158)
	at topdeep.autotest.biz.executer.impl.browser.BrowserUserCaseExecute.beforeExecute(BrowserUserCaseExecute.java:115)
	at topdeep.autotest.biz.executer.impl.browser.BrowserUserCaseExecuteTest.executeTest(BrowserUserCaseExecuteTest.java:72)
	at java.util.concurrent.ThreadPoolExecutor.runWorker(ThreadPoolExecutor.java:1145)
	at java.util.concurrent.ThreadPoolExecutor$Worker.run(ThreadPoolExecutor.java:615)
	at java.lang.Thread.run(Thread.java:745)
... Removed 14 stack frames]]>
    </failure>
  </testcase> <!-- executeTest -->
</testsuite> <!-- Test -->
