<?xml version="1.0" encoding="UTF-8"?>
<!-- Generated by org.testng.reporters.JUnitXMLReporter -->
<testsuite hostname="WIN-QFVULB7F2O7" name="utils" tests="1" failures="1" timestamp="3 Aug 2016 06:47:55 GMT" time="10.347" errors="0">
  <testcase name="testShot" time="0.008" classname="auto.test.wd.test.ScreenShotTest">
    <failure type="java.lang.ArithmeticException" message="/ by zero">
      <![CDATA[java.lang.ArithmeticException: / by zero
	at auto.test.wd.test.ScreenShotTest.testShot(ScreenShotTest.java:11)
	at java.util.concurrent.ThreadPoolExecutor.runWorker(ThreadPoolExecutor.java:1145)
	at java.util.concurrent.ThreadPoolExecutor$Worker.run(ThreadPoolExecutor.java:615)
	at java.lang.Thread.run(Thread.java:745)
... Removed 10 stack frames]]>
    </failure>
  </testcase> <!-- testShot -->
</testsuite> <!-- utils -->
