<?xml version="1.0" encoding="UTF-8"?>
<testng-results skipped="0" failed="0" total="1" passed="1">
  <reporter-output>
  </reporter-output>
  <suite name="Suite" duration-ms="10283" started-at="2016-07-27T10:48:05Z" finished-at="2016-07-27T10:48:15Z">
    <groups>
    </groups>
    <test name="Test" duration-ms="10283" started-at="2016-07-27T10:48:05Z" finished-at="2016-07-27T10:48:15Z">
      <class name="topdeep.autotest.biz.executer.impl.browser.BrowserUserCaseExecuteTest">
        <test-method status="PASS" signature="beforeTest(java.lang.String, java.lang.String, java.lang.String)[pri:0, instance:topdeep.autotest.biz.executer.impl.browser.BrowserUserCaseExecuteTest@1988802]" name="beforeTest" is-config="true" duration-ms="526" started-at="2016-07-27T18:48:05Z" finished-at="2016-07-27T18:48:05Z">
          <params>
            <param index="0">
              <value>
                <![CDATA[Lionfund_wxBind_action]]>
              </value>
            </param>
            <param index="1">
              <value>
                <![CDATA[C:\Users\Administrator\Downloads\Lionfund_wxBind_action.xls]]>
              </value>
            </param>
            <param index="2">
              <value>
                <![CDATA[http://192.168.0.104:8090]]>
              </value>
            </param>
          </params>
          <reporter-output>
          </reporter-output>
        </test-method> <!-- beforeTest -->
        <test-method status="PASS" signature="executeTest()[pri:0, instance:topdeep.autotest.biz.executer.impl.browser.BrowserUserCaseExecuteTest@1988802]" name="executeTest" duration-ms="9677" started-at="2016-07-27T18:48:05Z" finished-at="2016-07-27T18:48:15Z">
          <reporter-output>
          </reporter-output>
        </test-method> <!-- executeTest -->
        <test-method status="PASS" signature="afterTest()[pri:0, instance:topdeep.autotest.biz.executer.impl.browser.BrowserUserCaseExecuteTest@1988802]" name="afterTest" is-config="true" duration-ms="1" started-at="2016-07-27T18:48:15Z" finished-at="2016-07-27T18:48:15Z">
          <reporter-output>
          </reporter-output>
        </test-method> <!-- afterTest -->
      </class> <!-- topdeep.autotest.biz.executer.impl.browser.BrowserUserCaseExecuteTest -->
    </test> <!-- Test -->
  </suite> <!-- Suite -->
</testng-results>
