<?xml version="1.0" encoding="UTF-8"?>
<testng-results skipped="0" failed="1" total="1" passed="0">
  <reporter-output>
  </reporter-output>
  <suite name="Suite" duration-ms="632" started-at="2016-07-15T09:37:29Z" finished-at="2016-07-15T09:37:30Z">
    <groups>
    </groups>
    <test name="Test" duration-ms="632" started-at="2016-07-15T09:37:29Z" finished-at="2016-07-15T09:37:30Z">
      <class name="topdeep.autotest.biz.executer.impl.browser.BrowserUserCaseExecuteTest">
        <test-method status="PASS" signature="beforeTest(java.lang.String, java.lang.String)[pri:0, instance:topdeep.autotest.biz.executer.impl.browser.BrowserUserCaseExecuteTest@19c5ce6]" name="beforeTest" is-config="true" duration-ms="543" started-at="2016-07-15T17:37:29Z" finished-at="2016-07-15T17:37:30Z">
          <params>
            <param index="0">
              <value>
                <![CDATA[http://192.168.0.104:8090]]>
              </value>
            </param>
            <param index="1">
              <value>
                <![CDATA[C:\Users\Administrator\Downloads\Lionfund_openAccount_action.xls]]>
              </value>
            </param>
          </params>
          <reporter-output>
          </reporter-output>
        </test-method> <!-- beforeTest -->
        <test-method status="FAIL" signature="execute()[pri:0, instance:topdeep.autotest.biz.executer.impl.browser.BrowserUserCaseExecuteTest@19c5ce6]" name="execute" duration-ms="57" started-at="2016-07-15T17:37:30Z" finished-at="2016-07-15T17:37:30Z">
          <exception class="java.lang.Error">
            <message>
              <![CDATA[Unresolved compilation problems: 
	The import org.springframework cannot be resolved
	The import topdeep.autotest.entity.db cannot be resolved
	The import topdeep.autotest.entity.db cannot be resolved
	Service cannot be resolved to a type
	The type HttpGetAction must implement the inherited abstract method UserCaseActionExecute.execute(UserCaseExecute, AtUserCaseAction, List<AtObjParams>, Map<String,Object>, Log)
	The type HttpGetAction must implement the inherited abstract method UserCaseActionExecute.getActionDesc(List<AtObjParams>)
	Name clash: The method getActionDesc(List<AtObjParams>) of type HttpGetAction has the same erasure as getActionDesc(List<AtObjParams>) of type UserCaseActionExecute but does not override it
	AtObjParams cannot be resolved to a type
	AtObjParams cannot be resolved to a type
	AtUserCaseAction cannot be resolved to a type
	AtObjParams cannot be resolved to a type
	AtObjParams cannot be resolved to a type
	AtObjParams cannot be resolved to a type
	AtObjParams cannot be resolved to a type
	The method getInitParamList() from the type BaseExecute refers to the missing type AtObjParams
	The method createNewParam(String, String, String, String, String, String, String, String, String, String, String, String, int) from the type BaseExecute refers to the missing type AtObjParams
]]>
            </message>
            <full-stacktrace>
              <![CDATA[java.lang.Error: Unresolved compilation problems: 
	The import org.springframework cannot be resolved
	The import topdeep.autotest.entity.db cannot be resolved
	The import topdeep.autotest.entity.db cannot be resolved
	Service cannot be resolved to a type
	The type HttpGetAction must implement the inherited abstract method UserCaseActionExecute.execute(UserCaseExecute, AtUserCaseAction, List<AtObjParams>, Map<String,Object>, Log)
	The type HttpGetAction must implement the inherited abstract method UserCaseActionExecute.getActionDesc(List<AtObjParams>)
	Name clash: The method getActionDesc(List<AtObjParams>) of type HttpGetAction has the same erasure as getActionDesc(List<AtObjParams>) of type UserCaseActionExecute but does not override it
	AtObjParams cannot be resolved to a type
	AtObjParams cannot be resolved to a type
	AtUserCaseAction cannot be resolved to a type
	AtObjParams cannot be resolved to a type
	AtObjParams cannot be resolved to a type
	AtObjParams cannot be resolved to a type
	AtObjParams cannot be resolved to a type
	The method getInitParamList() from the type BaseExecute refers to the missing type AtObjParams
	The method createNewParam(String, String, String, String, String, String, String, String, String, String, String, String, int) from the type BaseExecute refers to the missing type AtObjParams

	at topdeep.autotest.biz.executer.impl.browser.HttpGetAction.<init>(HttpGetAction.java:11)
	at topdeep.autotest.entity.execute.UserCaseActionExecuteFactory.getUserCaseActionExcuter(UserCaseActionExecuteFactory.java:24)
	at topdeep.autotest.biz.executer.impl.browser.BrowserUserCaseExecute.execute(BrowserUserCaseExecute.java:91)
	at topdeep.autotest.biz.executer.impl.browser.BrowserUserCaseExecuteTest.execute(BrowserUserCaseExecuteTest.java:68)
	at sun.reflect.NativeMethodAccessorImpl.invoke0(Native Method)
	at sun.reflect.NativeMethodAccessorImpl.invoke(NativeMethodAccessorImpl.java:57)
	at sun.reflect.DelegatingMethodAccessorImpl.invoke(DelegatingMethodAccessorImpl.java:43)
	at java.lang.reflect.Method.invoke(Method.java:606)
	at org.testng.internal.MethodInvocationHelper.invokeMethod(MethodInvocationHelper.java:85)
	at org.testng.internal.Invoker.invokeMethod(Invoker.java:639)
	at org.testng.internal.Invoker.invokeTestMethod(Invoker.java:821)
	at org.testng.internal.Invoker.invokeTestMethods(Invoker.java:1131)
	at org.testng.internal.TestMethodWorker.invokeTestMethods(TestMethodWorker.java:124)
	at org.testng.internal.TestMethodWorker.run(TestMethodWorker.java:108)
	at java.util.concurrent.ThreadPoolExecutor.runWorker(ThreadPoolExecutor.java:1145)
	at java.util.concurrent.ThreadPoolExecutor$Worker.run(ThreadPoolExecutor.java:615)
	at java.lang.Thread.run(Thread.java:745)
]]>
            </full-stacktrace>
          </exception> <!-- java.lang.Error -->
          <reporter-output>
          </reporter-output>
        </test-method> <!-- execute -->
        <test-method status="PASS" signature="afterTest()[pri:0, instance:topdeep.autotest.biz.executer.impl.browser.BrowserUserCaseExecuteTest@19c5ce6]" name="afterTest" is-config="true" duration-ms="0" started-at="2016-07-15T17:37:30Z" finished-at="2016-07-15T17:37:30Z">
          <reporter-output>
          </reporter-output>
        </test-method> <!-- afterTest -->
      </class> <!-- topdeep.autotest.biz.executer.impl.browser.BrowserUserCaseExecuteTest -->
    </test> <!-- Test -->
  </suite> <!-- Suite -->
</testng-results>
